Arguments: 
  /usr/local/bin/node /usr/local/bin/yarn add jquery.form

PATH: 
  /usr/local/sbin:/usr/local/bin:/usr/sbin:/usr/bin:/sbin:/bin:/usr/games:/usr/local/games:/mnt/c/WINDOWS/system32:/mnt/c/WINDOWS:/mnt/c/WINDOWS/System32/Wbem:/mnt/c/WINDOWS/System32/WindowsPowerShell/v1.0/:/mnt/d/Program:Files/PuTTY/:/mnt/c/WINDOWS/System32/OpenSSH/:/mnt/d/Program:Files:(x86)/WindowsADK/Windows:Performance:Toolkit/:/mnt/d/Program:Files:(x86)/WindowsADK/Microsoft:Application:Virtualization/Sequencer/:/mnt/c/Program:Files/dotnet/:/mnt/c/Users/jiangxi/AppData/Local/Microsoft/WindowsApps:/opt/rubies/ruby-3.0.1/bin/:/home/jiangxi/work/sbt/bin

Yarn version: 
  1.22.10

Node version: 
  18.12.1

Platform: 
  linux x64

Trace: 
  Error: https://registry.yarnpkg.com/jquery.form: Not found
      at params.callback [as _callback] (/usr/local/lib/node_modules/yarn/lib/cli.js:66988:18)
      at self.callback (/usr/local/lib/node_modules/yarn/lib/cli.js:140662:22)
      at Request.emit (node:events:513:28)
      at Request.<anonymous> (/usr/local/lib/node_modules/yarn/lib/cli.js:141634:10)
      at Request.emit (node:events:513:28)
      at IncomingMessage.<anonymous> (/usr/local/lib/node_modules/yarn/lib/cli.js:141556:12)
      at Object.onceWrapper (node:events:627:28)
      at IncomingMessage.emit (node:events:525:35)
      at endReadableNT (node:internal/streams/readable:1359:12)
      at process.processTicksAndRejections (node:internal/process/task_queues:82:21)

npm manifest: 
  {
    "name": "app",
    "private": "true",
    "dependencies": {
      "@hotwired/stimulus": "^3.2.1",
      "@hotwired/turbo-rails": "^7.2.4",
      "@popperjs/core": "^2.11.6",
      "bootstrap": "^5.2.3",
      "bootstrap-icons": "^1.10.2",
      "bootstrap-table": "^1.21.2",
      "child_process": "^1.0.2",
      "clipboard": "^2.0.11",
      "dragtable": "^2.0.12",
      "esbuild": "^0.16.2",
      "fs": "^0.0.1-security",
      "jquery": "^3.6.1",
      "jquery-resizable-columns": "^0.2.3",
      "jquery-ui": "^1.13.2",
      "sass": "^1.56.1",
      "tablednd": "^1.0.5"
    },
    "scripts": {
      "build": "esbuild app/javascript/*.* --bundle --sourcemap --outdir=app/assets/builds",
      "build:css": "sass ./app/assets/stylesheets/application.bootstrap.scss:./app/assets/builds/application.css --no-source-map --load-path=node_modules"
    }
  }

yarn manifest: 
  No manifest

Lockfile: 
  # THIS IS AN AUTOGENERATED FILE. DO NOT EDIT THIS FILE DIRECTLY.
  # yarn lockfile v1
  
  
  "@esbuild/android-arm64@0.16.2":
    version "0.16.2"
    resolved "https://registry.yarnpkg.com/@esbuild/android-arm64/-/android-arm64-0.16.2.tgz#cdc8e99494d80a6ebfc7abc41914c4a8b98314ae"
    integrity sha512-3CjbygjFHmtxDW59FOUM1T28G+aVqzbM+cNNinMgRUq+bmAstJdqmJL/KqpUwuCRTri4BgHJRWQbHOQFLwIpxw==
  
  "@esbuild/android-arm@0.16.2":
    version "0.16.2"
    resolved "https://registry.yarnpkg.com/@esbuild/android-arm/-/android-arm-0.16.2.tgz#585ac1f25abce4c7b996f0a84f33f0ae6df043cb"
    integrity sha512-t8zq/Ad8njye3tYkbdBYAEGBExCyqFuPnKmKgLBF9+nIwAS/V3FYck6BjAx813JCGXkNsR1iriS8jQFwydT+FA==
  
  "@esbuild/android-x64@0.16.2":
    version "0.16.2"
    resolved "https://registry.yarnpkg.com/@esbuild/android-x64/-/android-x64-0.16.2.tgz#544d96e13f9551365b360d1139bed3c1da5cd575"
    integrity sha512-J5pzzVs9gHRQff8vUBhGMRQU1avwD9IVTSfzhdnKRqlxq0hsdcgZxH95Ckj/q2KJ4nMPYfDBSRXrrvQ4PyMpFA==
  
  "@esbuild/darwin-arm64@0.16.2":
    version "0.16.2"
    resolved "https://registry.yarnpkg.com/@esbuild/darwin-arm64/-/darwin-arm64-0.16.2.tgz#f417bc18cb80cfaa95aecb8ddc9e6a74be26c92c"
    integrity sha512-XmjlYmR1UTEdMT2X3TxnA0hG8zOi3q/BzqNN6/PDBxw/UxE9gdj7LGwiQus5HHZM03vSvjRO7WJ7qaJBGBWnpQ==
  
  "@esbuild/darwin-x64@0.16.2":
    version "0.16.2"
    resolved "https://registry.yarnpkg.com/@esbuild/darwin-x64/-/darwin-x64-0.16.2.tgz#d2695c66fd8a4e17a2f7d2c9f2bd6babf1c9c161"
    integrity sha512-nq5cXgzbXHhBqZEPpuXrf2+BV6QWUM8vAyT/ElJrdIkoGOHwNQJEqZHl3KOWK+1V3KXEXgJhh7DsLixIc677ZQ==
  
  "@esbuild/freebsd-arm64@0.16.2":
    version "0.16.2"
    resolved "https://registry.yarnpkg.com/@esbuild/freebsd-arm64/-/freebsd-arm64-0.16.2.tgz#3abbf2a113dbcb77f253f031c412a27874a31b71"
    integrity sha512-1QuZr7GnoipDYMFJDucqXmVvJZidZuHbvw5QLzBehYq67GR1Jub9pSo6O0Rt4LtKnu3TF2K/bjgzPJAGFY6W4Q==
  
  "@esbuild/freebsd-x64@0.16.2":
    version "0.16.2"
    resolved "https://registry.yarnpkg.com/@esbuild/freebsd-x64/-/freebsd-x64-0.16.2.tgz#7e68876fbe0e6e8fc9f45f880a2b393e61f54bf3"
    integrity sha512-uvbv99Wg2T489bqUz4gYVb2IpSSZZP/uTkaZpaLN+h3x58FmsLT4o7bF1Refd2JIKuONxSobljlk5/K/RD9SsQ==
  
  "@esbuild/linux-arm64@0.16.2":
    version "0.16.2"
    resolved "https://registry.yarnpkg.com/@esbuild/linux-arm64/-/linux-arm64-0.16.2.tgz#2d186a0f336a4022b38c0994404ad4541b850d46"
    integrity sha512-S7EwMhEUMzYfd9KTHJX7Y3bKz7/9sZDRJPp10EOQ3Qqp10WvX2G42Q2c7rfymnm9aM5ZWs+W8WgbLFAUnjC3Wg==
  
  "@esbuild/linux-arm@0.16.2":
    version "0.16.2"
    resolved "https://registry.yarnpkg.com/@esbuild/linux-arm/-/linux-arm-0.16.2.tgz#3a816b6349655ac5e80117947543028d8eedeaf8"
    integrity sha512-8n2UozHygOGXzgysim6GifKjv+lW4fs3mlfaoKerwBIOT9OBCo1Q4AjvbtU3F+2AGyo8eavxnj6Xxx0DRTOwiw==
  
  "@esbuild/linux-ia32@0.16.2":
    version "0.16.2"
    resolved "https://registry.yarnpkg.com/@esbuild/linux-ia32/-/linux-ia32-0.16.2.tgz#6ec937d2c4a17db5c6bb0b898e86c42df97422f4"
    integrity sha512-TRz3MDvv65zXZ4NTJYi1yyVj17Qrsm8y6J8r4qIdd2qszRLPHmte4LAazPa7g+To6QfM2kL3gHmVhwV6GcYz0g==
  
  "@esbuild/linux-loong64@0.16.2":
    version "0.16.2"
    resolved "https://registry.yarnpkg.com/@esbuild/linux-loong64/-/linux-loong64-0.16.2.tgz#6f611b6e03f5404b5e3d45040f0d743071b1229b"
    integrity sha512-yhHJCvPQjh/8wLEk336QzXMHYnMKJdzLcNAnXwVawSvsLqyzTYrGshrO1YMhzs5cWgR75DFNnhcAFgEtleAZOw==
  
  "@esbuild/linux-mips64el@0.16.2":
    version "0.16.2"
    resolved "https://registry.yarnpkg.com/@esbuild/linux-mips64el/-/linux-mips64el-0.16.2.tgz#5c76d385d68189336b78dfc933a77d13465eee5c"
    integrity sha512-YwMpV41qIKRHASV4MaaA/PKk9CoZ4QyVyPXhUtLTO9kPWtWECRI4MTBrGIb9kGUpL6I+jiT4fAZn8YpWSGBkQg==
  
  "@esbuild/linux-ppc64@0.16.2":
    version "0.16.2"
    resolved "https://registry.yarnpkg.com/@esbuild/linux-ppc64/-/linux-ppc64-0.16.2.tgz#db567dd114122bcb034910d79000ea9cca9db897"
    integrity sha512-s4YuINcRxCA9TElEf2iBdG6oZWdNu2Eb6R9TbRBcZOTdcgdBKIinaVyEiQ8H6nmCafWCuuJT8u66zds2ET3t1Q==
  
  "@esbuild/linux-riscv64@0.16.2":
    version "0.16.2"
    resolved "https://registry.yarnpkg.com/@esbuild/linux-riscv64/-/linux-riscv64-0.16.2.tgz#72e1fd9cc9972e662fcef9138636bd1259c3cd3a"
    integrity sha512-oacL6QGqVRhBCbBlFxODYfcCkB6tPmfanaWnsuHNI7m9LVkBuuDKpsC3XWOwkEQiLIJcvhhZKOkkgw49KxS1Dw==
  
  "@esbuild/linux-s390x@0.16.2":
    version "0.16.2"
    resolved "https://registry.yarnpkg.com/@esbuild/linux-s390x/-/linux-s390x-0.16.2.tgz#b0fd46338d0b4906cfc7e9c4b1850960432f2f7a"
    integrity sha512-5ifr0lshZbLI457Qe6y3MsDYv1cSOJ8awgi0HT14cS59WliT7bDkrr3kmDw/LqGOAPyDvDD+U8s2cFBSENetuA==
  
  "@esbuild/linux-x64@0.16.2":
    version "0.16.2"
    resolved "https://registry.npmjs.org/@esbuild/linux-x64/-/linux-x64-0.16.2.tgz"
    integrity sha512-TA/ORYlP6h2pfB/dzrPTMFWd1MaUYy7kwblWdzwkUtsTAJAKJlZwBhkKftSaUNNU5wtXNJ9+ucMDf7vBPbDjlw==
  
  "@esbuild/netbsd-x64@0.16.2":
    version "0.16.2"
    resolved "https://registry.yarnpkg.com/@esbuild/netbsd-x64/-/netbsd-x64-0.16.2.tgz#fa5c5ad79bbadfbd741423ee4ab22d2b0c55143f"
    integrity sha512-oBH2Aj4fL9FLlkIi2wYGckydKHVKmYrqiqt91i6kFE1mF7B05YYttrlOHAf3JzWIJQWyvzvsmoA/XFPf1sTgBw==
  
  "@esbuild/openbsd-x64@0.16.2":
    version "0.16.2"
    resolved "https://registry.yarnpkg.com/@esbuild/openbsd-x64/-/openbsd-x64-0.16.2.tgz#a20232bdb2ed8731294bed401cbf0e10dada4540"
    integrity sha512-eKOpYr7CiF9GZxu18iOQGfzQ4htO6KGhXriW2raJvRO0G27Lu7ArAI/kW71yTPaFqlf9gCmCGaTPr2tmiUePVg==
  
  "@esbuild/sunos-x64@0.16.2":
    version "0.16.2"
    resolved "https://registry.yarnpkg.com/@esbuild/sunos-x64/-/sunos-x64-0.16.2.tgz#d57d9b3121b028dcee8d7ec556b514a0545872c9"
    integrity sha512-1HsQLVnjhlscekE8H5Xj49xPvd0c74eoZEjh+OUnr+x7vCXdTVdFDgao9QM0H9zfioxJN1ZH7534LwxEaAWaIA==
  
  "@esbuild/win32-arm64@0.16.2":
    version "0.16.2"
    resolved "https://registry.yarnpkg.com/@esbuild/win32-arm64/-/win32-arm64-0.16.2.tgz#a548cff2e5bcd5cdfe1431320b9fee81440d26f1"
    integrity sha512-G9AWjsnVxGQj8z0WgaDwTKgXzwc9zLPYDFoLE4oAGI/TQnft0eQjc+CKiWRyoa+a/c3XIFGXoWnW+17kbibSfA==
  
  "@esbuild/win32-ia32@0.16.2":
    version "0.16.2"
    resolved "https://registry.yarnpkg.com/@esbuild/win32-ia32/-/win32-ia32-0.16.2.tgz#8f96eb33303344ec70460a44d3189b673e29cf5b"
    integrity sha512-UJqmfPsiSX/wP1kY5JMordRqNU2r8n8ieXmNimp4r35sQEX3bjnSkPJ2E8BM8W8ecmEL+oDjYjulkTT3zSPa1g==
  
  "@esbuild/win32-x64@0.16.2":
    version "0.16.2"
    resolved "https://registry.yarnpkg.com/@esbuild/win32-x64/-/win32-x64-0.16.2.tgz#01350ef54fb4b2a0b423072d30deceaa5c1c529e"
    integrity sha512-1+PQiGAbbGlIXXlp9i/5JRpodCsozGTjffaD4W1LgeoynWef38VD8NNC8yG366NYXHHHLR1pN6MQZ9r2na/S1A==
  
  "@hotwired/stimulus@^3.2.1":
    version "3.2.1"
    resolved "https://registry.npmjs.org/@hotwired/stimulus/-/stimulus-3.2.1.tgz"
    integrity sha512-HGlzDcf9vv/EQrMJ5ZG6VWNs8Z/xMN+1o2OhV1gKiSG6CqZt5MCBB1gRg5ILiN3U0jEAxuDTNPRfBcnZBDmupQ==
  
  "@hotwired/turbo-rails@^7.2.4":
    version "7.2.4"
    resolved "https://registry.npmjs.org/@hotwired/turbo-rails/-/turbo-rails-7.2.4.tgz"
    integrity sha512-givDUQqaccd19BvErz1Cf2j6MXF74m0G6I75oqFJGeXAa7vwkz9nDplefVNrALCR9Xi9j9gy32xmSI6wD0tZyA==
    dependencies:
      "@hotwired/turbo" "^7.2.4"
      "@rails/actioncable" "^7.0"
  
  "@hotwired/turbo@^7.2.4":
    version "7.2.4"
    resolved "https://registry.npmjs.org/@hotwired/turbo/-/turbo-7.2.4.tgz"
    integrity sha512-c3xlOroHp/cCZHDOuLp6uzQYEbvXBUVaal0puXoGJ9M8L/KHwZ3hQozD4dVeSN9msHWLxxtmPT1TlCN7gFhj4w==
  
  "@popperjs/core@^2.11.6":
    version "2.11.6"
    resolved "https://registry.npmjs.org/@popperjs/core/-/core-2.11.6.tgz"
    integrity sha512-50/17A98tWUfQ176raKiOGXuYpLyyVMkxxG6oylzL3BPOlA6ADGdK7EYunSa4I064xerltq9TGXs8HmOk5E+vw==
  
  "@rails/actioncable@^7.0":
    version "7.0.4"
    resolved "https://registry.npmjs.org/@rails/actioncable/-/actioncable-7.0.4.tgz"
    integrity sha512-tz4oM+Zn9CYsvtyicsa/AwzKZKL+ITHWkhiu7x+xF77clh2b4Rm+s6xnOgY/sGDWoFWZmtKsE95hxBPkgQQNnQ==
  
  anymatch@~3.1.2:
    version "3.1.3"
    resolved "https://registry.npmjs.org/anymatch/-/anymatch-3.1.3.tgz"
    integrity sha512-KMReFUr0B4t+D+OBkjR3KYqvocp2XaSzO55UcB6mgQMd3KbcE+mWTyvVV7D/zsdEbNnV6acZUutkiHQXvTr1Rw==
    dependencies:
      normalize-path "^3.0.0"
      picomatch "^2.0.4"
  
  binary-extensions@^2.0.0:
    version "2.2.0"
    resolved "https://registry.npmjs.org/binary-extensions/-/binary-extensions-2.2.0.tgz"
    integrity sha512-jDctJ/IVQbZoJykoeHbhXpOlNBqGNcwXJKJog42E5HDPUwQTSdjCHdihjj0DlnheQ7blbT6dHOafNAiS8ooQKA==
  
  bootstrap-icons@^1.10.2:
    version "1.10.2"
    resolved "https://registry.npmjs.org/bootstrap-icons/-/bootstrap-icons-1.10.2.tgz"
    integrity sha512-PTPYadRn1AMGr+QTSxe4ZCc+Wzv9DGZxbi3lNse/dajqV31n2/wl/7NX78ZpkvFgRNmH4ogdIQPQmxAfhEV6nA==
  
  bootstrap-table@^1.21.2:
    version "1.21.2"
    resolved "https://registry.npmjs.org/bootstrap-table/-/bootstrap-table-1.21.2.tgz"
    integrity sha512-VVXiVI19PwR0Taq0N9jOaNCBnxIKsfnlcdaK8/jJBmK23cqor9NhtqH8MJ/UysSEt1sFv+p8yi1DZWHadtVdoQ==
  
  bootstrap@^5.2.3:
    version "5.2.3"
    resolved "https://registry.npmjs.org/bootstrap/-/bootstrap-5.2.3.tgz"
    integrity sha512-cEKPM+fwb3cT8NzQZYEu4HilJ3anCrWqh3CHAok1p9jXqMPsPTBhU25fBckEJHJ/p+tTxTFTsFQGM+gaHpi3QQ==
  
  braces@~3.0.2:
    version "3.0.2"
    resolved "https://registry.npmjs.org/braces/-/braces-3.0.2.tgz"
    integrity sha512-b8um+L1RzM3WDSzvhm6gIz1yfTbBt6YTlcEKAvsmqCZZFw46z626lVj9j1yEPW33H5H+lBQpZMP1k8l+78Ha0A==
    dependencies:
      fill-range "^7.0.1"
  
  child_process@^1.0.2:
    version "1.0.2"
    resolved "https://registry.npmjs.org/child_process/-/child_process-1.0.2.tgz"
    integrity sha512-Wmza/JzL0SiWz7kl6MhIKT5ceIlnFPJX+lwUGj7Clhy5MMldsSoJR0+uvRzOS5Kv45Mq7t1PoE8TsOA9bzvb6g==
  
  "chokidar@>=3.0.0 <4.0.0":
    version "3.5.3"
    resolved "https://registry.npmjs.org/chokidar/-/chokidar-3.5.3.tgz"
    integrity sha512-Dr3sfKRP6oTcjf2JmUmFJfeVMvXBdegxB0iVQ5eb2V10uFJUCAS8OByZdVAyVb8xXNz3GjjTgj9kLWsZTqE6kw==
    dependencies:
      anymatch "~3.1.2"
      braces "~3.0.2"
      glob-parent "~5.1.2"
      is-binary-path "~2.1.0"
      is-glob "~4.0.1"
      normalize-path "~3.0.0"
      readdirp "~3.6.0"
    optionalDependencies:
      fsevents "~2.3.2"
  
  clipboard@^2.0.11:
    version "2.0.11"
    resolved "https://registry.npmjs.org/clipboard/-/clipboard-2.0.11.tgz"
    integrity sha512-C+0bbOqkezLIsmWSvlsXS0Q0bmkugu7jcfMIACB+RDEntIzQIkdr148we28AfSloQLRdZlYL/QYyrq05j/3Faw==
    dependencies:
      good-listener "^1.2.2"
      select "^1.1.2"
      tiny-emitter "^2.0.0"
  
  delegate@^3.1.2:
    version "3.2.0"
    resolved "https://registry.npmjs.org/delegate/-/delegate-3.2.0.tgz"
    integrity sha512-IofjkYBZaZivn0V8nnsMJGBr4jVLxHDheKSW88PyxS5QC4Vo9ZbZVvhzlSxY87fVq3STR6r+4cGepyHkcWOQSw==
  
  dragtable@^2.0.12:
    version "2.0.12"
    resolved "https://registry.npmjs.org/dragtable/-/dragtable-2.0.12.tgz"
    integrity sha512-Lg2RWwSueQ+xljgA/NePErA78jlNH5vJy/0JUUhEwbTdHe1qciF4w1oyXF7jq7t2niyyWMSU7DBGwiGA7FalFQ==
    dependencies:
      jquery "*"
  
  esbuild@^0.16.2:
    version "0.16.2"
    resolved "https://registry.npmjs.org/esbuild/-/esbuild-0.16.2.tgz"
    integrity sha512-Rv/CJquZKE00irDLDpk9jmWmtxx1NW+MGpBbNNouaDY0oBwk806uJ51WpLaJBQUxhZqLauX2rrNol5lVQceHJw==
    optionalDependencies:
      "@esbuild/android-arm" "0.16.2"
      "@esbuild/android-arm64" "0.16.2"
      "@esbuild/android-x64" "0.16.2"
      "@esbuild/darwin-arm64" "0.16.2"
      "@esbuild/darwin-x64" "0.16.2"
      "@esbuild/freebsd-arm64" "0.16.2"
      "@esbuild/freebsd-x64" "0.16.2"
      "@esbuild/linux-arm" "0.16.2"
      "@esbuild/linux-arm64" "0.16.2"
      "@esbuild/linux-ia32" "0.16.2"
      "@esbuild/linux-loong64" "0.16.2"
      "@esbuild/linux-mips64el" "0.16.2"
      "@esbuild/linux-ppc64" "0.16.2"
      "@esbuild/linux-riscv64" "0.16.2"
      "@esbuild/linux-s390x" "0.16.2"
      "@esbuild/linux-x64" "0.16.2"
      "@esbuild/netbsd-x64" "0.16.2"
      "@esbuild/openbsd-x64" "0.16.2"
      "@esbuild/sunos-x64" "0.16.2"
      "@esbuild/win32-arm64" "0.16.2"
      "@esbuild/win32-ia32" "0.16.2"
      "@esbuild/win32-x64" "0.16.2"
  
  fill-range@^7.0.1:
    version "7.0.1"
    resolved "https://registry.npmjs.org/fill-range/-/fill-range-7.0.1.tgz"
    integrity sha512-qOo9F+dMUmC2Lcb4BbVvnKJxTPjCm+RRpe4gDuGrzkL7mEVl/djYSu2OdQ2Pa302N4oqkSg9ir6jaLWJ2USVpQ==
    dependencies:
      to-regex-range "^5.0.1"
  
  fs@^0.0.1-security:
    version "0.0.1-security"
    resolved "https://registry.npmjs.org/fs/-/fs-0.0.1-security.tgz"
    integrity sha512-3XY9e1pP0CVEUCdj5BmfIZxRBTSDycnbqhIOGec9QYtmVH2fbLpj86CFWkrNOkt/Fvty4KZG5lTglL9j/gJ87w==
  
  fsevents@~2.3.2:
    version "2.3.2"
    resolved "https://registry.yarnpkg.com/fsevents/-/fsevents-2.3.2.tgz#8a526f78b8fdf4623b709e0b975c52c24c02fd1a"
    integrity sha512-xiqMQR4xAeHTuB9uWm+fFRcIOgKBMiOBP+eXiyT7jsgVCq1bkVygt00oASowB7EdtpOHaaPgKt812P9ab+DDKA==
  
  glob-parent@~5.1.2:
    version "5.1.2"
    resolved "https://registry.npmjs.org/glob-parent/-/glob-parent-5.1.2.tgz"
    integrity sha512-AOIgSQCepiJYwP3ARnGx+5VnTu2HBYdzbGP45eLw1vr3zB3vZLeyed1sC9hnbcOc9/SrMyM5RPQrkGz4aS9Zow==
    dependencies:
      is-glob "^4.0.1"
  
  good-listener@^1.2.2:
    version "1.2.2"
    resolved "https://registry.npmjs.org/good-listener/-/good-listener-1.2.2.tgz"
    integrity sha512-goW1b+d9q/HIwbVYZzZ6SsTr4IgE+WA44A0GmPIQstuOrgsFcT7VEJ48nmr9GaRtNu0XTKacFLGnBPAM6Afouw==
    dependencies:
      delegate "^3.1.2"
  
  immutable@^4.0.0:
    version "4.1.0"
    resolved "https://registry.npmjs.org/immutable/-/immutable-4.1.0.tgz"
    integrity sha512-oNkuqVTA8jqG1Q6c+UglTOD1xhC1BtjKI7XkCXRkZHrN5m18/XsnUp8Q89GkQO/z+0WjonSvl0FLhDYftp46nQ==
  
  is-binary-path@~2.1.0:
    version "2.1.0"
    resolved "https://registry.npmjs.org/is-binary-path/-/is-binary-path-2.1.0.tgz"
    integrity sha512-ZMERYes6pDydyuGidse7OsHxtbI7WVeUEozgR/g7rd0xUimYNlvZRE/K2MgZTjWy725IfelLeVcEM97mmtRGXw==
    dependencies:
      binary-extensions "^2.0.0"
  
  is-extglob@^2.1.1:
    version "2.1.1"
    resolved "https://registry.npmjs.org/is-extglob/-/is-extglob-2.1.1.tgz"
    integrity sha512-SbKbANkN603Vi4jEZv49LeVJMn4yGwsbzZworEoyEiutsN3nJYdbO36zfhGJ6QEDpOZIFkDtnq5JRxmvl3jsoQ==
  
  is-glob@^4.0.1, is-glob@~4.0.1:
    version "4.0.3"
    resolved "https://registry.npmjs.org/is-glob/-/is-glob-4.0.3.tgz"
    integrity sha512-xelSayHH36ZgE7ZWhli7pW34hNbNl8Ojv5KVmkJD4hBdD3th8Tfk9vYasLM+mXWOZhFkgZfxhLSnrwRr4elSSg==
    dependencies:
      is-extglob "^2.1.1"
  
  is-number@^7.0.0:
    version "7.0.0"
    resolved "https://registry.npmjs.org/is-number/-/is-number-7.0.0.tgz"
    integrity sha512-41Cifkg6e8TylSpdtTpeLVMqvSBEVzTttHvERD741+pnZ8ANv0004MRL43QKPDlK9cGvNp6NZWZUBlbGXYxxng==
  
  jquery-resizable-columns@^0.2.3:
    version "0.2.3"
    resolved "https://registry.npmjs.org/jquery-resizable-columns/-/jquery-resizable-columns-0.2.3.tgz"
    integrity sha512-K9TH2Ug//rrDvH33yEE7CK3LAJT0e1fnhWtBhwum7J/a7mB+TfWPh+EHzG9AsTtqC5h+QZejUzzpjj/DKqDS2w==
  
  jquery-ui@^1.13.2:
    version "1.13.2"
    resolved "https://registry.npmjs.org/jquery-ui/-/jquery-ui-1.13.2.tgz"
    integrity sha512-wBZPnqWs5GaYJmo1Jj0k/mrSkzdQzKDwhXNtHKcBdAcKVxMM3KNYFq+iJ2i1rwiG53Z8M4mTn3Qxrm17uH1D4Q==
    dependencies:
      jquery ">=1.8.0 <4.0.0"
  
  jquery@*, "jquery@>=1.8.0 <4.0.0", jquery@^3.6.1:
    version "3.6.1"
    resolved "https://registry.npmjs.org/jquery/-/jquery-3.6.1.tgz"
    integrity sha512-opJeO4nCucVnsjiXOE+/PcCgYw9Gwpvs/a6B1LL/lQhwWwpbVEVYDZ1FokFr8PRc7ghYlrFPuyHuiiDNTQxmcw==
  
  normalize-path@^3.0.0, normalize-path@~3.0.0:
    version "3.0.0"
    resolved "https://registry.npmjs.org/normalize-path/-/normalize-path-3.0.0.tgz"
    integrity sha512-6eZs5Ls3WtCisHWp9S2GUy8dqkpGi4BVSz3GaqiE6ezub0512ESztXUwUB6C6IKbQkY2Pnb/mD4WYojCRwcwLA==
  
  picomatch@^2.0.4, picomatch@^2.2.1:
    version "2.3.1"
    resolved "https://registry.npmjs.org/picomatch/-/picomatch-2.3.1.tgz"
    integrity sha512-JU3teHTNjmE2VCGFzuY8EXzCDVwEqB2a8fsIvwaStHhAWJEeVd1o1QD80CU6+ZdEXXSLbSsuLwJjkCBWqRQUVA==
  
  readdirp@~3.6.0:
    version "3.6.0"
    resolved "https://registry.npmjs.org/readdirp/-/readdirp-3.6.0.tgz"
    integrity sha512-hOS089on8RduqdbhvQ5Z37A0ESjsqz6qnRcffsMU3495FuTdqSm+7bhJ29JvIOsBDEEnan5DPu9t3To9VRlMzA==
    dependencies:
      picomatch "^2.2.1"
  
  sass@^1.56.1:
    version "1.56.1"
    resolved "https://registry.npmjs.org/sass/-/sass-1.56.1.tgz"
    integrity sha512-VpEyKpyBPCxE7qGDtOcdJ6fFbcpOM+Emu7uZLxVrkX8KVU/Dp5UF7WLvzqRuUhB6mqqQt1xffLoG+AndxTZrCQ==
    dependencies:
      chokidar ">=3.0.0 <4.0.0"
      immutable "^4.0.0"
      source-map-js ">=0.6.2 <2.0.0"
  
  select@^1.1.2:
    version "1.1.2"
    resolved "https://registry.npmjs.org/select/-/select-1.1.2.tgz"
    integrity sha512-OwpTSOfy6xSs1+pwcNrv0RBMOzI39Lp3qQKUTPVVPRjCdNa5JH/oPRiqsesIskK8TVgmRiHwO4KXlV2Li9dANA==
  
  "source-map-js@>=0.6.2 <2.0.0":
    version "1.0.2"
    resolved "https://registry.npmjs.org/source-map-js/-/source-map-js-1.0.2.tgz"
    integrity sha512-R0XvVJ9WusLiqTCEiGCmICCMplcCkIwwR11mOSD9CR5u+IXYdiseeEuXCVAjS54zqwkLcPNnmU4OeJ6tUrWhDw==
  
  tablednd@^1.0.5:
    version "1.0.5"
    resolved "https://registry.npmjs.org/tablednd/-/tablednd-1.0.5.tgz"
    integrity sha512-iC230jusaekjzzAy0jigZLbzb7jKKnW9xiNiZ4W17p7y8AvBYf5KunyrIE3HwL1FhL2VEeogZtjP5VeBeIW4xg==
  
  tiny-emitter@^2.0.0:
    version "2.1.0"
    resolved "https://registry.npmjs.org/tiny-emitter/-/tiny-emitter-2.1.0.tgz"
    integrity sha512-NB6Dk1A9xgQPMoGqC5CVXn123gWyte215ONT5Pp5a0yt4nlEoO1ZWeCwpncaekPHXO60i47ihFnZPiRPjRMq4Q==
  
  to-regex-range@^5.0.1:
    version "5.0.1"
    resolved "https://registry.npmjs.org/to-regex-range/-/to-regex-range-5.0.1.tgz"
    integrity sha512-65P7iz6X5yEr1cwcgvQxbbIw7Uk3gOy5dIdtZ4rDveLqhrdJP+Li/Hx6tyK0NEb+2GCyneCMJiGqrADCSNk8sQ==
    dependencies:
      is-number "^7.0.0"
